14:40:04: Creating resource group General
14:40:04: Creating resource group Internal
14:40:04: Creating resource group Autodetect
14:40:04: SceneManagerFactory for type 'DefaultSceneManager' registered.
14:40:04: Registering ResourceManager for type Material
14:40:04: Registering ResourceManager for type Mesh
14:40:04: Registering ResourceManager for type Skeleton
14:40:04: MovableObjectFactory for type 'ParticleSystem' registered.
14:40:04: OverlayElementFactory for type Panel registered.
14:40:04: OverlayElementFactory for type BorderPanel registered.
14:40:04: OverlayElementFactory for type TextArea registered.
14:40:04: Registering ResourceManager for type Font
14:40:04: ArchiveFactory for archive type FileSystem registered.
14:40:04: ArchiveFactory for archive type Zip registered.
14:40:04: DDS codec registering
14:40:04: FreeImage version: 3.15.0
14:40:04: This program uses FreeImage, a free, open source image library supporting all common bitmap formats. See http://freeimage.sourceforge.net for details
14:40:04: Supported formats: bmp,ico,jpg,jif,jpeg,jpe,jng,koa,iff,lbm,mng,pbm,pbm,pcd,pcx,pgm,pgm,png,ppm,ppm,ras,tga,targa,tif,tiff,wap,wbmp,wbm,psd,cut,xbm,xpm,gif,hdr,g3,sgi,exr,j2k,j2c,jp2,pfm,pct,pict,pic,3fr,arw,bay,bmq,cap,cine,cr2,crw,cs1,dc2,dcr,drf,dsc,dng,erf,fff,ia,iiq,k25,kc2,kdc,mdc,mef,mos,mrw,nef,nrw,orf,pef,ptx,pxn,qtk,raf,raw,rdc,rw2,rwl,rwz,sr2,srf,sti
14:40:04: Registering ResourceManager for type HighLevelGpuProgram
14:40:04: Registering ResourceManager for type Compositor
14:40:04: MovableObjectFactory for type 'Entity' registered.
14:40:04: MovableObjectFactory for type 'Light' registered.
14:40:04: MovableObjectFactory for type 'BillboardSet' registered.
14:40:04: MovableObjectFactory for type 'ManualObject' registered.
14:40:04: MovableObjectFactory for type 'BillboardChain' registered.
14:40:04: MovableObjectFactory for type 'RibbonTrail' registered.
14:40:04: *-*-* OGRE Initialising
14:40:04: *-*-* Version 1.7.3 (Cthugha)
14:40:04: Loading library /usr/lib/OGRE/RenderSystem_GL.so
14:40:04: Installing plugin: GL RenderSystem
14:40:04: OpenGL Rendering Subsystem created.
14:40:04: Plugin successfully installed
14:40:04: Loading library /usr/lib/OGRE/Plugin_ParticleFX.so
14:40:04: Installing plugin: ParticleFX
14:40:04: Particle Emitter Type 'Point' registered
14:40:04: Particle Emitter Type 'Box' registered
14:40:04: Particle Emitter Type 'Ellipsoid' registered
14:40:04: Particle Emitter Type 'Cylinder' registered
14:40:04: Particle Emitter Type 'Ring' registered
14:40:04: Particle Emitter Type 'HollowEllipsoid' registered
14:40:04: Particle Affector Type 'LinearForce' registered
14:40:04: Particle Affector Type 'ColourFader' registered
14:40:04: Particle Affector Type 'ColourFader2' registered
14:40:04: Particle Affector Type 'ColourImage' registered
14:40:04: Particle Affector Type 'ColourInterpolator' registered
14:40:04: Particle Affector Type 'Scaler' registered
14:40:04: Particle Affector Type 'Rotator' registered
14:40:04: Particle Affector Type 'DirectionRandomiser' registered
14:40:04: Particle Affector Type 'DeflectorPlane' registered
14:40:04: Plugin successfully installed
14:40:04: Loading library /usr/lib/OGRE/Plugin_CgProgramManager.so
14:40:04: Installing plugin: Cg Program Manager
14:40:04: Plugin successfully installed
14:40:04: CPU Identifier & Features
14:40:04: -------------------------
14:40:04:  *   CPU ID: GenuineIntel: Intel(R) Core(TM) i3 CPU       M 380  @ 2.53GHz
14:40:04:  *      SSE: yes
14:40:04:  *     SSE2: yes
14:40:04:  *     SSE3: yes
14:40:04:  *      MMX: yes
14:40:04:  *   MMXEXT: yes
14:40:04:  *    3DNOW: no
14:40:04:  * 3DNOWEXT: no
14:40:04:  *     CMOV: yes
14:40:04:  *      TSC: yes
14:40:04:  *      FPU: yes
14:40:04:  *      PRO: yes
14:40:04:  *       HT: no
14:40:04: -------------------------
14:40:04: ******************************
*** Starting GLX Subsystem ***
******************************
14:40:04: OGRE EXCEPTION(6:FileNotFoundException): Cannot locate resource GLX_icon.png in resource group General or any other group. in ResourceGroupManager::openResource at /build/src/ogre_src_v1-7-3/OgreMain/src/OgreResourceGroupManager.cpp (line 753)
14:40:04: GLXWindow::create used FBConfigID = 142
14:40:04: GL_VERSION = 2.1 Mesa 7.11
14:40:04: GL_VENDOR = X.Org
14:40:04: GL_RENDERER = Gallium 0.4 on AMD CEDAR
14:40:04: GL_EXTENSIONS = GL_ARB_multisample GL_EXT_abgr GL_EXT_bgra GL_EXT_blend_color GL_EXT_blend_logic_op GL_EXT_blend_minmax GL_EXT_blend_subtract GL_EXT_copy_texture GL_EXT_polygon_offset GL_EXT_subtexture GL_EXT_texture_object GL_EXT_vertex_array GL_EXT_compiled_vertex_array GL_EXT_texture GL_EXT_texture3D GL_IBM_rasterpos_clip GL_ARB_point_parameters GL_EXT_draw_range_elements GL_EXT_packed_pixels GL_EXT_point_parameters GL_EXT_rescale_normal GL_EXT_separate_specular_color GL_EXT_texture_edge_clamp GL_SGIS_generate_mipmap GL_SGIS_texture_border_clamp GL_SGIS_texture_edge_clamp GL_SGIS_texture_lod GL_ARB_framebuffer_sRGB GL_ARB_multitexture GL_EXT_framebuffer_sRGB GL_IBM_multimode_draw_arrays GL_IBM_texture_mirrored_repeat GL_ARB_texture_cube_map GL_ARB_texture_env_add GL_ARB_transpose_matrix GL_EXT_blend_func_separate GL_EXT_fog_coord GL_EXT_multi_draw_arrays GL_EXT_secondary_color GL_EXT_texture_env_add GL_EXT_texture_filter_anisotropic GL_EXT_texture_lod_bias GL_INGR_blend_func_separate GL_NV_blend_square GL_NV_light_max_exponent GL_NV_texgen_reflection GL_NV_texture_env_combine4 GL_SUN_multi_draw_arrays GL_ARB_texture_border_clamp GL_ARB_texture_compression GL_EXT_framebuffer_object GL_EXT_texture_env_dot3 GL_MESA_window_pos GL_NV_packed_depth_stencil GL_NV_texture_rectangle GL_ARB_depth_texture GL_ARB_occlusion_query GL_ARB_shadow GL_ARB_texture_env_combine GL_ARB_texture_env_crossbar GL_ARB_texture_env_dot3 GL_ARB_texture_mirrored_repeat GL_ARB_window_pos GL_EXT_stencil_two_side GL_EXT_texture_cube_map GL_NV_depth_clamp GL_APPLE_packed_pixels GL_APPLE_vertex_array_object GL_ARB_draw_buffers GL_ARB_fragment_program GL_ARB_fragment_shader GL_ARB_shader_objects GL_ARB_vertex_program GL_ARB_vertex_shader GL_ATI_draw_buffers GL_ATI_texture_env_combine3 GL_ATI_texture_float GL_EXT_shadow_funcs GL_EXT_stencil_wrap GL_MESA_pack_invert GL_ARB_depth_clamp GL_ARB_fragment_program_shadow GL_ARB_half_float_pixel GL_ARB_occlusion_query2 GL_ARB_point_sprite GL_ARB_shading_language_100 GL_ARB_sync GL_ARB_texture_non_power_of_two GL_ARB_vertex_buffer_object GL_ATI_blend_equation_separate GL_EXT_blend_equation_separate GL_OES_read_format GL_ARB_color_buffer_float GL_ARB_pixel_buffer_object GL_ARB_texture_compression_rgtc GL_ARB_texture_float GL_ARB_texture_rectangle GL_ATI_texture_compression_3dc GL_EXT_packed_float GL_EXT_pixel_buffer_object GL_EXT_texture_compression_rgtc GL_EXT_texture_mirror_clamp GL_EXT_texture_rectangle GL_EXT_texture_sRGB GL_EXT_texture_shared_exponent GL_ARB_framebuffer_object GL_EXT_framebuffer_blit GL_EXT_framebuffer_multisample GL_EXT_packed_depth_stencil GL_ARB_vertex_array_object GL_ATI_separate_stencil GL_ATI_texture_mirror_once GL_EXT_draw_buffers2 GL_EXT_gpu_program_parameters GL_EXT_texture_compression_latc GL_EXT_texture_env_combine GL_EXT_texture_sRGB_decode GL_EXT_timer_query GL_OES_EGL_image GL_ARB_copy_buffer GL_ARB_half_float_vertex GL_ARB_instanced_arrays GL_ARB_map_buffer_range GL_ARB_texture_rg GL_ARB_texture_swizzle GL_ARB_vertex_array_bgra GL_EXT_separate_shader_objects GL_EXT_texture_swizzle GL_EXT_vertex_array_bgra GL_NV_conditional_render GL_AMD_draw_buffers_blend GL_AMD_seamless_cubemap_per_texture GL_AMD_shader_stencil_export GL_ARB_draw_buffers_blend GL_ARB_draw_elements_base_vertex GL_ARB_explicit_attrib_location GL_ARB_fragment_coord_conventions GL_ARB_provoking_vertex GL_ARB_sampler_objects GL_ARB_seamless_cube_map GL_ARB_shader_stencil_export GL_ARB_shader_texture_lod GL_EXT_provoking_vertex GL_EXT_texture_snorm GL_MESA_texture_signed_rgba GL_NV_texture_barrier GL_ARB_robustness 
14:40:04: Supported GLX extensions: GLX_ARB_get_proc_address GLX_ARB_multisample GLX_EXT_import_context GLX_EXT_visual_info GLX_EXT_visual_rating GLX_MESA_copy_sub_buffer GLX_MESA_multithread_makecurrent GLX_MESA_swap_control GLX_OML_swap_method GLX_OML_sync_control GLX_SGI_make_current_read GLX_SGI_swap_control GLX_SGI_video_sync GLX_SGIS_multisample GLX_SGIX_fbconfig GLX_SGIX_pbuffer GLX_SGIX_visual_select_group GLX_EXT_texture_from_pixmap 
14:40:04: ***************************
14:40:04: *** GL Renderer Started ***
14:40:04: ***************************
14:40:04: Registering ResourceManager for type GpuProgram
14:40:04: GLSL support detected
14:40:04: GL: Using GL_EXT_framebuffer_object for rendering to textures (best)
14:40:04: FBO PF_UNKNOWN depth/stencil support: D0S1 D0S4 D0S8 D0S16 D16S0 D24S0 D32S0 Packed-D24S8 
14:40:04: FBO PF_L8 depth/stencil support: D0S0 D0S1 D0S4 D0S8 D0S16 D16S0 D24S0 D32S0 Packed-D24S8 
14:40:04: FBO PF_A8 depth/stencil support: D0S0 D0S1 D0S4 D0S8 D0S16 D16S0 D24S0 D32S0 Packed-D24S8 
14:40:04: FBO PF_A4L4 depth/stencil support: D0S0 D0S1 D0S4 D0S8 D0S16 D16S0 D24S0 D32S0 Packed-D24S8 
14:40:04: FBO PF_BYTE_LA depth/stencil support: D0S0 D0S1 D0S4 D0S8 D0S16 D16S0 D24S0 D32S0 Packed-D24S8 
14:40:04: FBO PF_R5G6B5 depth/stencil support: D0S0 D0S1 D0S4 D0S8 D0S16 D16S0 D24S0 D32S0 Packed-D24S8 
14:40:04: FBO PF_B5G6R5 depth/stencil support: D0S0 D0S1 D0S4 D0S8 D0S16 D16S0 D24S0 D32S0 Packed-D24S8 
14:40:04: FBO PF_A4R4G4B4 depth/stencil support: D0S0 D0S1 D0S4 D0S8 D0S16 D16S0 D24S0 D32S0 Packed-D24S8 
14:40:04: FBO PF_A1R5G5B5 depth/stencil support: D0S0 D0S1 D0S4 D0S8 D0S16 D16S0 D24S0 D32S0 Packed-D24S8 
14:40:04: FBO PF_R8G8B8 depth/stencil support: D0S0 D0S1 D0S4 D0S8 D0S16 D16S0 D24S0 D32S0 Packed-D24S8 
14:40:04: FBO PF_B8G8R8 depth/stencil support: D0S0 D0S1 D0S4 D0S8 D0S16 D16S0 D24S0 D32S0 Packed-D24S8 
14:40:04: FBO PF_A8R8G8B8 depth/stencil support: D0S0 D0S1 D0S4 D0S8 D0S16 D16S0 D24S0 D32S0 Packed-D24S8 
14:40:04: FBO PF_B8G8R8A8 depth/stencil support: D0S0 D0S1 D0S4 D0S8 D0S16 D16S0 D24S0 D32S0 Packed-D24S8 
14:40:04: FBO PF_A2R10G10B10 depth/stencil support: D0S0 D0S1 D0S4 D0S8 D0S16 D16S0 D24S0 D32S0 Packed-D24S8 
14:40:04: FBO PF_A2B10G10R10 depth/stencil support: D0S0 D0S1 D0S4 D0S8 D0S16 D16S0 D24S0 D32S0 Packed-D24S8 
14:40:04: FBO PF_FLOAT16_RGB depth/stencil support: D0S0 D0S1 D0S4 D0S8 D0S16 D16S0 D24S0 D32S0 Packed-D24S8 
14:40:04: FBO PF_FLOAT16_RGBA depth/stencil support: D0S0 D0S1 D0S4 D0S8 D0S16 D16S0 D24S0 D32S0 Packed-D24S8 
14:40:04: FBO PF_FLOAT32_RGB depth/stencil support: D0S0 D0S1 D0S4 D0S8 D0S16 D16S0 D24S0 D32S0 Packed-D24S8 
14:40:04: FBO PF_FLOAT32_RGBA depth/stencil support: D0S0 D0S1 D0S4 D0S8 D0S16 D16S0 D24S0 D32S0 Packed-D24S8 
14:40:04: FBO PF_X8R8G8B8 depth/stencil support: D0S0 D0S1 D0S4 D0S8 D0S16 D16S0 D24S0 D32S0 Packed-D24S8 
14:40:04: FBO PF_X8B8G8R8 depth/stencil support: D0S0 D0S1 D0S4 D0S8 D0S16 D16S0 D24S0 D32S0 Packed-D24S8 
14:40:04: FBO PF_SHORT_RGBA depth/stencil support: D0S0 D0S1 D0S4 D0S8 D0S16 D16S0 D24S0 D32S0 Packed-D24S8 
14:40:04: FBO PF_R3G3B2 depth/stencil support: D0S0 D0S1 D0S4 D0S8 D0S16 D16S0 D24S0 D32S0 Packed-D24S8 
14:40:04: FBO PF_SHORT_RGB depth/stencil support: D0S0 D0S1 D0S4 D0S8 D0S16 D16S0 D24S0 D32S0 Packed-D24S8 
14:40:04: [GL] : Valid FBO targets PF_UNKNOWN PF_L8 PF_A8 PF_A4L4 PF_BYTE_LA PF_R5G6B5 PF_B5G6R5 PF_A4R4G4B4 PF_A1R5G5B5 PF_R8G8B8 PF_B8G8R8 PF_A8R8G8B8 PF_B8G8R8A8 PF_A2R10G10B10 PF_A2B10G10R10 PF_FLOAT16_RGB PF_FLOAT16_RGBA PF_FLOAT32_RGB PF_FLOAT32_RGBA PF_X8R8G8B8 PF_X8B8G8R8 PF_SHORT_RGBA PF_R3G3B2 PF_SHORT_RGB 
14:40:04: RenderSystem capabilities
14:40:04: -------------------------
14:40:04: RenderSystem Name: OpenGL Rendering Subsystem
14:40:04: GPU Vendor: unknown
14:40:04: Device Name: Gallium 0.4 on AMD CEDAR
14:40:04: Driver Version: 2.1.0.0
14:40:04:  * Fixed function pipeline: yes
14:40:04:  * Hardware generation of mipmaps: yes
14:40:04:  * Texture blending: yes
14:40:04:  * Anisotropic texture filtering: yes
14:40:04:  * Dot product texture operation: yes
14:40:04:  * Cube mapping: yes
14:40:04:  * Hardware stencil buffer: yes
14:40:04:    - Stencil depth: 8
14:40:04:    - Two sided stencil support: yes
14:40:04:    - Wrap stencil values: yes
14:40:04:  * Hardware vertex / index buffers: yes
14:40:04:  * Vertex programs: yes
14:40:04:  * Number of floating-point constants for vertex programs: 1024
14:40:04:  * Number of integer constants for vertex programs: 0
14:40:04:  * Number of boolean constants for vertex programs: 0
14:40:04:  * Fragment programs: yes
14:40:04:  * Number of floating-point constants for fragment programs: 1024
14:40:04:  * Number of integer constants for fragment programs: 0
14:40:04:  * Number of boolean constants for fragment programs: 0
14:40:04:  * Geometry programs: no
14:40:04:  * Number of floating-point constants for geometry programs: 0
14:40:04:  * Number of integer constants for geometry programs: 0
14:40:04:  * Number of boolean constants for geometry programs: 0
14:40:04:  * Supported Shader Profiles: arbfp1 arbvp1 glsl
14:40:04:  * Texture Compression: yes
14:40:04:    - DXT: no
14:40:04:    - VTC: no
14:40:04:    - PVRTC: no
14:40:04:  * Scissor Rectangle: yes
14:40:04:  * Hardware Occlusion Query: yes
14:40:04:  * User clip planes: yes
14:40:04:  * VET_UBYTE4 vertex element type: yes
14:40:04:  * Infinite far plane projection: yes
14:40:04:  * Hardware render-to-texture: yes
14:40:04:  * Floating point textures: yes
14:40:04:  * Non-power-of-two textures: yes
14:40:04:  * Volume textures: yes
14:40:04:  * Multiple Render Targets: 8
14:40:04:    - With different bit depths: yes
14:40:04:  * Point Sprites: yes
14:40:04:  * Extended point parameters: yes
14:40:04:  * Max Point Size: 16384
14:40:04:  * Vertex texture fetch: yes
14:40:04:  * Number of world matrices: 0
14:40:04:  * Number of texture units: 16
14:40:04:  * Stencil buffer depth: 8
14:40:04:  * Number of vertex blend matrices: 0
14:40:04:    - Max vertex textures: 16
14:40:04:    - Vertex textures shared: yes
14:40:04:  * Render to Vertex Buffer : no
14:40:04:  * GL 1.5 without VBO workaround: no
14:40:04:  * Frame Buffer objects: yes
14:40:04:  * Frame Buffer objects (ARB extension): no
14:40:04:  * Frame Buffer objects (ATI extension): no
14:40:04:  * PBuffer support: yes
14:40:04:  * GL 1.5 without HW-occlusion workaround: no
14:40:04: Registering ResourceManager for type Texture
14:40:04: DefaultWorkQueue('Root') initialising on thread 0xeced90.
14:40:04: DefaultWorkQueue('Root')::WorkerFunc - thread 0x118d590 starting.
14:40:04: DefaultWorkQueue('Root')::WorkerFunc - thread 0x11918e0 starting.
14:40:04: DefaultWorkQueue('Root')::WorkerFunc - thread 0x118eb70 starting.
14:40:04: DefaultWorkQueue('Root')::WorkerFunc - thread 0x118f150 starting.
14:40:04: Particle Renderer Type 'billboard' registered
14:40:04: Added resource location '/home/paul/src/jam/sven/BGJ01/data/' of type 'FileSystem' to resource group 'General' with recursive option
14:40:04: Parsing scripts for resource group Autodetect
14:40:04: Finished parsing scripts for resource group Autodetect
14:40:04: Parsing scripts for resource group General
14:40:04: Parsing script DejaVuSans.fontdef
14:40:04: Finished parsing scripts for resource group General
14:40:04: Parsing scripts for resource group Internal
14:40:04: Finished parsing scripts for resource group Internal
14:40:04: Font DejaVuSansusing texture size 1024x1024
14:40:04: Info: Freetype returned null for character 160 in font DejaVuSans
14:40:04: Texture: DejaVuSansTexture: Loading 1 faces(PF_BYTE_LA,1024x1024x1) with  hardware generated mipmaps from Image. Internal format is PF_BYTE_LA,1024x1024x1.
14:40:04: Can't assign material BackgroundMesh to SubEntity of background_node-mesh-entity-Background because this Material does not exist. Have you forgotten to define it in a .material script?
14:40:04: Material ship_image_material was requested with isManual=true, but this is not applicable for materials; the flag has been reset to false
14:40:04: Texture: playership.png: Loading 1 faces(PF_A8R8G8B8,400x400x1) with 8 hardware generated mipmaps from Image. Internal format is PF_A8R8G8B8,400x400x1.
14:40:04: Can't assign material ship_box_material to SubEntity of player_aircraft-mesh-entity-ship_mesh because this Material does not exist. Have you forgotten to define it in a .material script?
14:40:04: Creating resource group BtOgre
14:40:04: Texture: spot_shadow_fade.png: Loading 1 faces(PF_R8G8B8,128x128x1) with 7 hardware generated mipmaps from Image. Internal format is PF_X8R8G8B8,128x128x1.
